Start testing: Dec 12 18:32 RTZ 2 (çèìà)
----------------------------------------------------------
1/12 Testing: NPCTest.NPCCreation
1/12 Test: NPCTest.NPCCreation
Command: "C:/Users/Alyona/2kurs/oop/7/build/lab07_tests.exe" "--gtest_filter=NPCTest.NPCCreation" "--gtest_also_run_disabled_tests"
Directory: C:/Users/Alyona/2kurs/oop/7/build
"NPCTest.NPCCreation" start time: Dec 12 18:32 RTZ 2 (çèìà)
Output:
----------------------------------------------------------
Note: Google Test filter = NPCTest.NPCCreation
[==========] Running 1 test from 1 test suite.
[----------] Global test environment set-up.
[----------] 1 test from NPCTest
[ RUN      ] NPCTest.NPCCreation
[       OK ] NPCTest.NPCCreation (0 ms)
[----------] 1 test from NPCTest (0 ms total)

[----------] Global test environment tear-down
[==========] 1 test from 1 test suite ran. (0 ms total)
[  PASSED  ] 1 test.
<end of output>
Test time =   0.01 sec
----------------------------------------------------------
Test Passed.
"NPCTest.NPCCreation" end time: Dec 12 18:32 RTZ 2 (çèìà)
"NPCTest.NPCCreation" time elapsed: 00:00:00
----------------------------------------------------------

2/12 Testing: NPCTest.CoordinatesValidation
2/12 Test: NPCTest.CoordinatesValidation
Command: "C:/Users/Alyona/2kurs/oop/7/build/lab07_tests.exe" "--gtest_filter=NPCTest.CoordinatesValidation" "--gtest_also_run_disabled_tests"
Directory: C:/Users/Alyona/2kurs/oop/7/build
"NPCTest.CoordinatesValidation" start time: Dec 12 18:32 RTZ 2 (çèìà)
Output:
----------------------------------------------------------
Note: Google Test filter = NPCTest.CoordinatesValidation
[==========] Running 1 test from 1 test suite.
[----------] Global test environment set-up.
[----------] 1 test from NPCTest
[ RUN      ] NPCTest.CoordinatesValidation
[       OK ] NPCTest.CoordinatesValidation (0 ms)
[----------] 1 test from NPCTest (0 ms total)

[----------] Global test environment tear-down
[==========] 1 test from 1 test suite ran. (0 ms total)
[  PASSED  ] 1 test.
<end of output>
Test time =   0.01 sec
----------------------------------------------------------
Test Passed.
"NPCTest.CoordinatesValidation" end time: Dec 12 18:32 RTZ 2 (çèìà)
"NPCTest.CoordinatesValidation" time elapsed: 00:00:00
----------------------------------------------------------

3/12 Testing: NPCTest.DistanceCalculation
3/12 Test: NPCTest.DistanceCalculation
Command: "C:/Users/Alyona/2kurs/oop/7/build/lab07_tests.exe" "--gtest_filter=NPCTest.DistanceCalculation" "--gtest_also_run_disabled_tests"
Directory: C:/Users/Alyona/2kurs/oop/7/build
"NPCTest.DistanceCalculation" start time: Dec 12 18:32 RTZ 2 (çèìà)
Output:
----------------------------------------------------------
Note: Google Test filter = NPCTest.DistanceCalculation
[==========] Running 1 test from 1 test suite.
[----------] Global test environment set-up.
[----------] 1 test from NPCTest
[ RUN      ] NPCTest.DistanceCalculation
[       OK ] NPCTest.DistanceCalculation (0 ms)
[----------] 1 test from NPCTest (0 ms total)

[----------] Global test environment tear-down
[==========] 1 test from 1 test suite ran. (0 ms total)
[  PASSED  ] 1 test.
<end of output>
Test time =   0.01 sec
----------------------------------------------------------
Test Passed.
"NPCTest.DistanceCalculation" end time: Dec 12 18:32 RTZ 2 (çèìà)
"NPCTest.DistanceCalculation" time elapsed: 00:00:00
----------------------------------------------------------

4/12 Testing: NPCTest.MovementDistances
4/12 Test: NPCTest.MovementDistances
Command: "C:/Users/Alyona/2kurs/oop/7/build/lab07_tests.exe" "--gtest_filter=NPCTest.MovementDistances" "--gtest_also_run_disabled_tests"
Directory: C:/Users/Alyona/2kurs/oop/7/build
"NPCTest.MovementDistances" start time: Dec 12 18:32 RTZ 2 (çèìà)
Output:
----------------------------------------------------------
Note: Google Test filter = NPCTest.MovementDistances
[==========] Running 1 test from 1 test suite.
[----------] Global test environment set-up.
[----------] 1 test from NPCTest
[ RUN      ] NPCTest.MovementDistances
[       OK ] NPCTest.MovementDistances (0 ms)
[----------] 1 test from NPCTest (0 ms total)

[----------] Global test environment tear-down
[==========] 1 test from 1 test suite ran. (0 ms total)
[  PASSED  ] 1 test.
<end of output>
Test time =   0.01 sec
----------------------------------------------------------
Test Passed.
"NPCTest.MovementDistances" end time: Dec 12 18:32 RTZ 2 (çèìà)
"NPCTest.MovementDistances" time elapsed: 00:00:00
----------------------------------------------------------

5/12 Testing: NPCTest.AliveState
5/12 Test: NPCTest.AliveState
Command: "C:/Users/Alyona/2kurs/oop/7/build/lab07_tests.exe" "--gtest_filter=NPCTest.AliveState" "--gtest_also_run_disabled_tests"
Directory: C:/Users/Alyona/2kurs/oop/7/build
"NPCTest.AliveState" start time: Dec 12 18:32 RTZ 2 (çèìà)
Output:
----------------------------------------------------------
Note: Google Test filter = NPCTest.AliveState
[==========] Running 1 test from 1 test suite.
[----------] Global test environment set-up.
[----------] 1 test from NPCTest
[ RUN      ] NPCTest.AliveState
[       OK ] NPCTest.AliveState (0 ms)
[----------] 1 test from NPCTest (0 ms total)

[----------] Global test environment tear-down
[==========] 1 test from 1 test suite ran. (0 ms total)
[  PASSED  ] 1 test.
<end of output>
Test time =   0.01 sec
----------------------------------------------------------
Test Passed.
"NPCTest.AliveState" end time: Dec 12 18:32 RTZ 2 (çèìà)
"NPCTest.AliveState" time elapsed: 00:00:00
----------------------------------------------------------

6/12 Testing: NPCTest.PositionSetting
6/12 Test: NPCTest.PositionSetting
Command: "C:/Users/Alyona/2kurs/oop/7/build/lab07_tests.exe" "--gtest_filter=NPCTest.PositionSetting" "--gtest_also_run_disabled_tests"
Directory: C:/Users/Alyona/2kurs/oop/7/build
"NPCTest.PositionSetting" start time: Dec 12 18:32 RTZ 2 (çèìà)
Output:
----------------------------------------------------------
Note: Google Test filter = NPCTest.PositionSetting
[==========] Running 1 test from 1 test suite.
[----------] Global test environment set-up.
[----------] 1 test from NPCTest
[ RUN      ] NPCTest.PositionSetting
[       OK ] NPCTest.PositionSetting (0 ms)
[----------] 1 test from NPCTest (0 ms total)

[----------] Global test environment tear-down
[==========] 1 test from 1 test suite ran. (0 ms total)
[  PASSED  ] 1 test.
<end of output>
Test time =   0.01 sec
----------------------------------------------------------
Test Passed.
"NPCTest.PositionSetting" end time: Dec 12 18:32 RTZ 2 (çèìà)
"NPCTest.PositionSetting" time elapsed: 00:00:00
----------------------------------------------------------

7/12 Testing: NPCTest.VisitorPatternCorrectness
7/12 Test: NPCTest.VisitorPatternCorrectness
Command: "C:/Users/Alyona/2kurs/oop/7/build/lab07_tests.exe" "--gtest_filter=NPCTest.VisitorPatternCorrectness" "--gtest_also_run_disabled_tests"
Directory: C:/Users/Alyona/2kurs/oop/7/build
"NPCTest.VisitorPatternCorrectness" start time: Dec 12 18:32 RTZ 2 (çèìà)
Output:
----------------------------------------------------------
Note: Google Test filter = NPCTest.VisitorPatternCorrectness
[==========] Running 1 test from 1 test suite.
[----------] Global test environment set-up.
[----------] 1 test from NPCTest
[ RUN      ] NPCTest.VisitorPatternCorrectness
[       OK ] NPCTest.VisitorPatternCorrectness (0 ms)
[----------] 1 test from NPCTest (0 ms total)

[----------] Global test environment tear-down
[==========] 1 test from 1 test suite ran. (0 ms total)
[  PASSED  ] 1 test.
<end of output>
Test time =   0.01 sec
----------------------------------------------------------
Test Passed.
"NPCTest.VisitorPatternCorrectness" end time: Dec 12 18:32 RTZ 2 (çèìà)
"NPCTest.VisitorPatternCorrectness" time elapsed: 00:00:00
----------------------------------------------------------

8/12 Testing: NPCTest.SquirrelFightLogic
8/12 Test: NPCTest.SquirrelFightLogic
Command: "C:/Users/Alyona/2kurs/oop/7/build/lab07_tests.exe" "--gtest_filter=NPCTest.SquirrelFightLogic" "--gtest_also_run_disabled_tests"
Directory: C:/Users/Alyona/2kurs/oop/7/build
"NPCTest.SquirrelFightLogic" start time: Dec 12 18:32 RTZ 2 (çèìà)
Output:
----------------------------------------------------------
Note: Google Test filter = NPCTest.SquirrelFightLogic
[==========] Running 1 test from 1 test suite.
[----------] Global test environment set-up.
[----------] 1 test from NPCTest
[ RUN      ] NPCTest.SquirrelFightLogic
[       OK ] NPCTest.SquirrelFightLogic (0 ms)
[----------] 1 test from NPCTest (0 ms total)

[----------] Global test environment tear-down
[==========] 1 test from 1 test suite ran. (0 ms total)
[  PASSED  ] 1 test.
<end of output>
Test time =   0.01 sec
----------------------------------------------------------
Test Passed.
"NPCTest.SquirrelFightLogic" end time: Dec 12 18:32 RTZ 2 (çèìà)
"NPCTest.SquirrelFightLogic" time elapsed: 00:00:00
----------------------------------------------------------

9/12 Testing: NPCTest.WerewolfFightLogic
9/12 Test: NPCTest.WerewolfFightLogic
Command: "C:/Users/Alyona/2kurs/oop/7/build/lab07_tests.exe" "--gtest_filter=NPCTest.WerewolfFightLogic" "--gtest_also_run_disabled_tests"
Directory: C:/Users/Alyona/2kurs/oop/7/build
"NPCTest.WerewolfFightLogic" start time: Dec 12 18:32 RTZ 2 (çèìà)
Output:
----------------------------------------------------------
Note: Google Test filter = NPCTest.WerewolfFightLogic
[==========] Running 1 test from 1 test suite.
[----------] Global test environment set-up.
[----------] 1 test from NPCTest
[ RUN      ] NPCTest.WerewolfFightLogic
[       OK ] NPCTest.WerewolfFightLogic (0 ms)
[----------] 1 test from NPCTest (0 ms total)

[----------] Global test environment tear-down
[==========] 1 test from 1 test suite ran. (0 ms total)
[  PASSED  ] 1 test.
<end of output>
Test time =   0.01 sec
----------------------------------------------------------
Test Passed.
"NPCTest.WerewolfFightLogic" end time: Dec 12 18:32 RTZ 2 (çèìà)
"NPCTest.WerewolfFightLogic" time elapsed: 00:00:00
----------------------------------------------------------

10/12 Testing: NPCTest.DruidFightLogic
10/12 Test: NPCTest.DruidFightLogic
Command: "C:/Users/Alyona/2kurs/oop/7/build/lab07_tests.exe" "--gtest_filter=NPCTest.DruidFightLogic" "--gtest_also_run_disabled_tests"
Directory: C:/Users/Alyona/2kurs/oop/7/build
"NPCTest.DruidFightLogic" start time: Dec 12 18:32 RTZ 2 (çèìà)
Output:
----------------------------------------------------------
Note: Google Test filter = NPCTest.DruidFightLogic
[==========] Running 1 test from 1 test suite.
[----------] Global test environment set-up.
[----------] 1 test from NPCTest
[ RUN      ] NPCTest.DruidFightLogic
[       OK ] NPCTest.DruidFightLogic (0 ms)
[----------] 1 test from NPCTest (0 ms total)

[----------] Global test environment tear-down
[==========] 1 test from 1 test suite ran. (0 ms total)
[  PASSED  ] 1 test.
<end of output>
Test time =   0.01 sec
----------------------------------------------------------
Test Passed.
"NPCTest.DruidFightLogic" end time: Dec 12 18:32 RTZ 2 (çèìà)
"NPCTest.DruidFightLogic" time elapsed: 00:00:00
----------------------------------------------------------

11/12 Testing: NPCTest.SaveAndLoad
11/12 Test: NPCTest.SaveAndLoad
Command: "C:/Users/Alyona/2kurs/oop/7/build/lab07_tests.exe" "--gtest_filter=NPCTest.SaveAndLoad" "--gtest_also_run_disabled_tests"
Directory: C:/Users/Alyona/2kurs/oop/7/build
"NPCTest.SaveAndLoad" start time: Dec 12 18:32 RTZ 2 (çèìà)
Output:
----------------------------------------------------------
Note: Google Test filter = NPCTest.SaveAndLoad
[==========] Running 1 test from 1 test suite.
[----------] Global test environment set-up.
[----------] 1 test from NPCTest
[ RUN      ] NPCTest.SaveAndLoad
[       OK ] NPCTest.SaveAndLoad (0 ms)
[----------] 1 test from NPCTest (0 ms total)

[----------] Global test environment tear-down
[==========] 1 test from 1 test suite ran. (0 ms total)
[  PASSED  ] 1 test.
<end of output>
Test time =   0.01 sec
----------------------------------------------------------
Test Passed.
"NPCTest.SaveAndLoad" end time: Dec 12 18:32 RTZ 2 (çèìà)
"NPCTest.SaveAndLoad" time elapsed: 00:00:00
----------------------------------------------------------

12/12 Testing: NPCTest.FactoryFunction
12/12 Test: NPCTest.FactoryFunction
Command: "C:/Users/Alyona/2kurs/oop/7/build/lab07_tests.exe" "--gtest_filter=NPCTest.FactoryFunction" "--gtest_also_run_disabled_tests"
Directory: C:/Users/Alyona/2kurs/oop/7/build
"NPCTest.FactoryFunction" start time: Dec 12 18:32 RTZ 2 (çèìà)
Output:
----------------------------------------------------------
Note: Google Test filter = NPCTest.FactoryFunction
[==========] Running 1 test from 1 test suite.
[----------] Global test environment set-up.
[----------] 1 test from NPCTest
[ RUN      ] NPCTest.FactoryFunction
[       OK ] NPCTest.FactoryFunction (0 ms)
[----------] 1 test from NPCTest (0 ms total)

[----------] Global test environment tear-down
[==========] 1 test from 1 test suite ran. (0 ms total)
[  PASSED  ] 1 test.
<end of output>
Test time =   0.01 sec
----------------------------------------------------------
Test Passed.
"NPCTest.FactoryFunction" end time: Dec 12 18:32 RTZ 2 (çèìà)
"NPCTest.FactoryFunction" time elapsed: 00:00:00
----------------------------------------------------------

End testing: Dec 12 18:32 RTZ 2 (çèìà)
